d:\selflearn_algorigthm\mytest_code\project1\project1\x64\debug\vc143.pdb
d:\selflearn_algorigthm\mytest_code\project1\project1\x64\debug\vc143.idb
d:\selflearn_algorigthm\mytest_code\project1\project1\x64\debug\pc.obj
d:\selflearn_algorigthm\mytest_code\project1\project1\x64\debug\main.obj
d:\selflearn_algorigthm\mytest_code\project1\project1\x64\debug\support_pc.obj
d:\selflearn_algorigthm\mytest_code\project1\project1\x64\debug\support_main.obj
d:\selflearn_algorigthm\mytest_code\project1\project1\x64\debug\project1.ilk
d:\selflearn_algorigthm\mytest_code\project1\x64\debug\project1.pdb
d:\selflearn_algorigthm\mytest_code\project1\project1\x64\debug\project1.tlog\cl.command.1.tlog
d:\selflearn_algorigthm\mytest_code\project1\project1\x64\debug\project1.tlog\cl.items.tlog
d:\selflearn_algorigthm\mytest_code\project1\project1\x64\debug\project1.tlog\cl.read.1.tlog
d:\selflearn_algorigthm\mytest_code\project1\project1\x64\debug\project1.tlog\cl.write.1.tlog
d:\selflearn_algorigthm\mytest_code\project1\project1\x64\debug\project1.tlog\link-cvtres.read.1.tlog
d:\selflearn_algorigthm\mytest_code\project1\project1\x64\debug\project1.tlog\link-cvtres.write.1.tlog
d:\selflearn_algorigthm\mytest_code\project1\project1\x64\debug\project1.tlog\link-rc.read.1.tlog
d:\selflearn_algorigthm\mytest_code\project1\project1\x64\debug\project1.tlog\link-rc.write.1.tlog
d:\selflearn_algorigthm\mytest_code\project1\project1\x64\debug\project1.tlog\link.20740-cvtres.read.1.tlog
d:\selflearn_algorigthm\mytest_code\project1\project1\x64\debug\project1.tlog\link.20740-cvtres.write.1.tlog
d:\selflearn_algorigthm\mytest_code\project1\project1\x64\debug\project1.tlog\link.20740-rc.read.1.tlog
d:\selflearn_algorigthm\mytest_code\project1\project1\x64\debug\project1.tlog\link.20740-rc.write.1.tlog
d:\selflearn_algorigthm\mytest_code\project1\project1\x64\debug\project1.tlog\link.20740.read.1.tlog
d:\selflearn_algorigthm\mytest_code\project1\project1\x64\debug\project1.tlog\link.20740.read.2.tlog
d:\selflearn_algorigthm\mytest_code\project1\project1\x64\debug\project1.tlog\link.20740.read.3.tlog
d:\selflearn_algorigthm\mytest_code\project1\project1\x64\debug\project1.tlog\link.20740.read.4.tlog
d:\selflearn_algorigthm\mytest_code\project1\project1\x64\debug\project1.tlog\link.20740.read.5.tlog
d:\selflearn_algorigthm\mytest_code\project1\project1\x64\debug\project1.tlog\link.20740.write.1.tlog
d:\selflearn_algorigthm\mytest_code\project1\project1\x64\debug\project1.tlog\link.command.1.tlog
d:\selflearn_algorigthm\mytest_code\project1\project1\x64\debug\project1.tlog\link.read.1.tlog
d:\selflearn_algorigthm\mytest_code\project1\project1\x64\debug\project1.tlog\link.read.2.tlog
d:\selflearn_algorigthm\mytest_code\project1\project1\x64\debug\project1.tlog\link.read.3.tlog
d:\selflearn_algorigthm\mytest_code\project1\project1\x64\debug\project1.tlog\link.read.4.tlog
d:\selflearn_algorigthm\mytest_code\project1\project1\x64\debug\project1.tlog\link.read.5.tlog
d:\selflearn_algorigthm\mytest_code\project1\project1\x64\debug\project1.tlog\link.secondary.1.tlog
d:\selflearn_algorigthm\mytest_code\project1\project1\x64\debug\project1.tlog\link.write.1.tlog
